<?xml version="1.0" encoding="UTF-8"?>
<testng-results ignored="0" total="1" passed="1" failed="0" skipped="0">
  <reporter-output>
  </reporter-output>
  <suite started-at="2024-10-11T12:00:15 IST" name="Default suite" finished-at="2024-10-11T12:00:43 IST" duration-ms="27441">
    <groups>
    </groups>
    <test started-at="2024-10-11T12:00:15 IST" name="Default test" finished-at="2024-10-11T12:00:43 IST" duration-ms="27441">
      <class name="com.amazon.Amazon_Mini_Project.Amazon_ProductsSort">
        <test-method is-config="true" signature="launch()[pri:0, instance:com.amazon.Amazon_Mini_Project.Amazon_ProductsSort@5d7148e2]" started-at="2024-10-11T12:00:15 IST" name="launch" finished-at="2024-10-11T12:00:25 IST" duration-ms="9167" status="PASS">
          <reporter-output>
          </reporter-output>
        </test-method> <!-- launch -->
        <test-method signature="products_Sort()[pri:0, instance:com.amazon.Amazon_Mini_Project.Amazon_ProductsSort@5d7148e2]" started-at="2024-10-11T12:00:25 IST" name="products_Sort" finished-at="2024-10-11T12:00:39 IST" duration-ms="14257" status="PASS">
          <reporter-output>
          </reporter-output>
        </test-method> <!-- products_Sort -->
        <test-method is-config="true" signature="quit()[pri:0, instance:com.amazon.Amazon_Mini_Project.Amazon_ProductsSort@5d7148e2]" started-at="2024-10-11T12:00:39 IST" name="quit" finished-at="2024-10-11T12:00:43 IST" duration-ms="3975" status="PASS">
          <reporter-output>
          </reporter-output>
        </test-method> <!-- quit -->
      </class> <!-- com.amazon.Amazon_Mini_Project.Amazon_ProductsSort -->
    </test> <!-- Default test -->
  </suite> <!-- Default suite -->
</testng-results>
